[INFO  2019-11-10 23:43:26 @__init__.py:79] Set root logger. Unset logger with neuralgym.unset_logger().
[INFO  2019-11-10 23:43:26 @__init__.py:80] Saving logging to file: neuralgym_logs/20191110234326136127.
[INFO  2019-11-10 23:43:28 @gpus.py:39] Error reading GPU information, set no GPU.
[DEBUG 2019-11-10 23:43:30 @requests.py:117] Making request: POST https://oauth2.googleapis.com/token
[DEBUG 2019-11-10 23:43:31 @PngImagePlugin.py:146] STREAM b'IHDR' 16 13
[DEBUG 2019-11-10 23:43:31 @PngImagePlugin.py:146] STREAM b'sRGB' 41 1
[DEBUG 2019-11-10 23:43:31 @PngImagePlugin.py:146] STREAM b'eXIf' 54 68
[DEBUG 2019-11-10 23:43:31 @PngImagePlugin.py:146] STREAM b'iDOT' 134 28
[DEBUG 2019-11-10 23:43:31 @PngImagePlugin.py:592] b'iDOT' 134 28 (unknown)
[DEBUG 2019-11-10 23:43:31 @PngImagePlugin.py:146] STREAM b'IDAT' 174 4354
[DEBUG 2019-11-10 23:43:32 @PngImagePlugin.py:146] STREAM b'IHDR' 16 13
[DEBUG 2019-11-10 23:43:32 @PngImagePlugin.py:146] STREAM b'sRGB' 41 1
[DEBUG 2019-11-10 23:43:32 @PngImagePlugin.py:146] STREAM b'eXIf' 54 68
[DEBUG 2019-11-10 23:43:32 @PngImagePlugin.py:146] STREAM b'iDOT' 134 28
[DEBUG 2019-11-10 23:43:32 @PngImagePlugin.py:592] b'iDOT' 134 28 (unknown)
[DEBUG 2019-11-10 23:43:32 @PngImagePlugin.py:146] STREAM b'IDAT' 174 16384
[DEBUG 2019-11-10 23:43:57 @PngImagePlugin.py:146] STREAM b'IHDR' 16 13
[DEBUG 2019-11-10 23:43:57 @PngImagePlugin.py:146] STREAM b'IDAT' 41 8192
[DEBUG 2019-11-10 23:44:53 @PngImagePlugin.py:146] STREAM b'IHDR' 16 13
[DEBUG 2019-11-10 23:44:53 @PngImagePlugin.py:146] STREAM b'sRGB' 41 1
[DEBUG 2019-11-10 23:44:53 @PngImagePlugin.py:146] STREAM b'eXIf' 54 68
[DEBUG 2019-11-10 23:44:53 @PngImagePlugin.py:146] STREAM b'iDOT' 134 28
[DEBUG 2019-11-10 23:44:53 @PngImagePlugin.py:592] b'iDOT' 134 28 (unknown)
[DEBUG 2019-11-10 23:44:53 @PngImagePlugin.py:146] STREAM b'IDAT' 174 4907
[DEBUG 2019-11-10 23:44:54 @PngImagePlugin.py:146] STREAM b'IHDR' 16 13
[DEBUG 2019-11-10 23:44:54 @PngImagePlugin.py:146] STREAM b'sRGB' 41 1
[DEBUG 2019-11-10 23:44:54 @PngImagePlugin.py:146] STREAM b'eXIf' 54 68
[DEBUG 2019-11-10 23:44:54 @PngImagePlugin.py:146] STREAM b'iDOT' 134 28
[DEBUG 2019-11-10 23:44:54 @PngImagePlugin.py:592] b'iDOT' 134 28 (unknown)
[DEBUG 2019-11-10 23:44:54 @PngImagePlugin.py:146] STREAM b'IDAT' 174 16384
[DEBUG 2019-11-10 23:45:15 @PngImagePlugin.py:146] STREAM b'IHDR' 16 13
[DEBUG 2019-11-10 23:45:15 @PngImagePlugin.py:146] STREAM b'IDAT' 41 8192
[DEBUG 2019-11-10 23:46:28 @PngImagePlugin.py:146] STREAM b'IHDR' 16 13
[DEBUG 2019-11-10 23:46:28 @PngImagePlugin.py:146] STREAM b'sRGB' 41 1
[DEBUG 2019-11-10 23:46:28 @PngImagePlugin.py:146] STREAM b'eXIf' 54 68
[DEBUG 2019-11-10 23:46:28 @PngImagePlugin.py:146] STREAM b'iDOT' 134 28
[DEBUG 2019-11-10 23:46:28 @PngImagePlugin.py:592] b'iDOT' 134 28 (unknown)
[DEBUG 2019-11-10 23:46:28 @PngImagePlugin.py:146] STREAM b'IDAT' 174 4597
[DEBUG 2019-11-10 23:46:29 @PngImagePlugin.py:146] STREAM b'IHDR' 16 13
[DEBUG 2019-11-10 23:46:29 @PngImagePlugin.py:146] STREAM b'sRGB' 41 1
[DEBUG 2019-11-10 23:46:29 @PngImagePlugin.py:146] STREAM b'eXIf' 54 68
[DEBUG 2019-11-10 23:46:29 @PngImagePlugin.py:146] STREAM b'iDOT' 134 28
[DEBUG 2019-11-10 23:46:29 @PngImagePlugin.py:592] b'iDOT' 134 28 (unknown)
[DEBUG 2019-11-10 23:46:29 @PngImagePlugin.py:146] STREAM b'IDAT' 174 16384
[DEBUG 2019-11-10 23:46:48 @PngImagePlugin.py:146] STREAM b'IHDR' 16 13
[DEBUG 2019-11-10 23:46:48 @PngImagePlugin.py:146] STREAM b'IDAT' 41 8192
[DEBUG 2019-11-10 23:47:36 @PngImagePlugin.py:146] STREAM b'IHDR' 16 13
[DEBUG 2019-11-10 23:47:36 @PngImagePlugin.py:146] STREAM b'sRGB' 41 1
[DEBUG 2019-11-10 23:47:36 @PngImagePlugin.py:146] STREAM b'eXIf' 54 68
[DEBUG 2019-11-10 23:47:36 @PngImagePlugin.py:146] STREAM b'iDOT' 134 28
[DEBUG 2019-11-10 23:47:36 @PngImagePlugin.py:592] b'iDOT' 134 28 (unknown)
[DEBUG 2019-11-10 23:47:36 @PngImagePlugin.py:146] STREAM b'IDAT' 174 5439
[DEBUG 2019-11-10 23:47:37 @PngImagePlugin.py:146] STREAM b'IHDR' 16 13
[DEBUG 2019-11-10 23:47:37 @PngImagePlugin.py:146] STREAM b'sRGB' 41 1
[DEBUG 2019-11-10 23:47:37 @PngImagePlugin.py:146] STREAM b'eXIf' 54 68
[DEBUG 2019-11-10 23:47:37 @PngImagePlugin.py:146] STREAM b'iDOT' 134 28
[DEBUG 2019-11-10 23:47:37 @PngImagePlugin.py:592] b'iDOT' 134 28 (unknown)
[DEBUG 2019-11-10 23:47:37 @PngImagePlugin.py:146] STREAM b'IDAT' 174 16384
[DEBUG 2019-11-10 23:47:54 @PngImagePlugin.py:146] STREAM b'IHDR' 16 13
[DEBUG 2019-11-10 23:47:54 @PngImagePlugin.py:146] STREAM b'IDAT' 41 8192
[DEBUG 2019-11-10 23:49:34 @PngImagePlugin.py:146] STREAM b'IHDR' 16 13
[DEBUG 2019-11-10 23:49:34 @PngImagePlugin.py:146] STREAM b'sRGB' 41 1
[DEBUG 2019-11-10 23:49:34 @PngImagePlugin.py:146] STREAM b'eXIf' 54 68
[DEBUG 2019-11-10 23:49:34 @PngImagePlugin.py:146] STREAM b'iDOT' 134 28
[DEBUG 2019-11-10 23:49:34 @PngImagePlugin.py:592] b'iDOT' 134 28 (unknown)
[DEBUG 2019-11-10 23:49:34 @PngImagePlugin.py:146] STREAM b'IDAT' 174 4580
[DEBUG 2019-11-10 23:49:35 @PngImagePlugin.py:146] STREAM b'IHDR' 16 13
[DEBUG 2019-11-10 23:49:35 @PngImagePlugin.py:146] STREAM b'sRGB' 41 1
[DEBUG 2019-11-10 23:49:35 @PngImagePlugin.py:146] STREAM b'eXIf' 54 68
[DEBUG 2019-11-10 23:49:35 @PngImagePlugin.py:146] STREAM b'iDOT' 134 28
[DEBUG 2019-11-10 23:49:35 @PngImagePlugin.py:592] b'iDOT' 134 28 (unknown)
[DEBUG 2019-11-10 23:49:35 @PngImagePlugin.py:146] STREAM b'IDAT' 174 16384
[DEBUG 2019-11-10 23:49:52 @PngImagePlugin.py:146] STREAM b'IHDR' 16 13
[DEBUG 2019-11-10 23:49:52 @PngImagePlugin.py:146] STREAM b'IDAT' 41 8192
[DEBUG 2019-11-10 23:56:12 @PngImagePlugin.py:146] STREAM b'IHDR' 16 13
[DEBUG 2019-11-10 23:56:12 @PngImagePlugin.py:146] STREAM b'sRGB' 41 1
[DEBUG 2019-11-10 23:56:12 @PngImagePlugin.py:146] STREAM b'eXIf' 54 68
[DEBUG 2019-11-10 23:56:12 @PngImagePlugin.py:146] STREAM b'iDOT' 134 28
[DEBUG 2019-11-10 23:56:12 @PngImagePlugin.py:592] b'iDOT' 134 28 (unknown)
[DEBUG 2019-11-10 23:56:12 @PngImagePlugin.py:146] STREAM b'IDAT' 174 4142
[DEBUG 2019-11-10 23:56:13 @PngImagePlugin.py:146] STREAM b'IHDR' 16 13
[DEBUG 2019-11-10 23:56:13 @PngImagePlugin.py:146] STREAM b'sRGB' 41 1
[DEBUG 2019-11-10 23:56:13 @PngImagePlugin.py:146] STREAM b'eXIf' 54 68
[DEBUG 2019-11-10 23:56:13 @PngImagePlugin.py:146] STREAM b'iDOT' 134 28
[DEBUG 2019-11-10 23:56:13 @PngImagePlugin.py:592] b'iDOT' 134 28 (unknown)
[DEBUG 2019-11-10 23:56:13 @PngImagePlugin.py:146] STREAM b'IDAT' 174 16384
[DEBUG 2019-11-10 23:56:31 @PngImagePlugin.py:146] STREAM b'IHDR' 16 13
[DEBUG 2019-11-10 23:56:31 @PngImagePlugin.py:146] STREAM b'IDAT' 41 8192
[DEBUG 2019-11-10 23:57:10 @PngImagePlugin.py:146] STREAM b'IHDR' 16 13
[DEBUG 2019-11-10 23:57:10 @PngImagePlugin.py:146] STREAM b'sRGB' 41 1
[DEBUG 2019-11-10 23:57:10 @PngImagePlugin.py:146] STREAM b'eXIf' 54 68
[DEBUG 2019-11-10 23:57:10 @PngImagePlugin.py:146] STREAM b'iDOT' 134 28
[DEBUG 2019-11-10 23:57:10 @PngImagePlugin.py:592] b'iDOT' 134 28 (unknown)
[DEBUG 2019-11-10 23:57:10 @PngImagePlugin.py:146] STREAM b'IDAT' 174 4457
[DEBUG 2019-11-10 23:57:11 @PngImagePlugin.py:146] STREAM b'IHDR' 16 13
[DEBUG 2019-11-10 23:57:11 @PngImagePlugin.py:146] STREAM b'sRGB' 41 1
[DEBUG 2019-11-10 23:57:11 @PngImagePlugin.py:146] STREAM b'eXIf' 54 68
[DEBUG 2019-11-10 23:57:11 @PngImagePlugin.py:146] STREAM b'iDOT' 134 28
[DEBUG 2019-11-10 23:57:11 @PngImagePlugin.py:592] b'iDOT' 134 28 (unknown)
[DEBUG 2019-11-10 23:57:11 @PngImagePlugin.py:146] STREAM b'IDAT' 174 16384
[DEBUG 2019-11-10 23:57:29 @PngImagePlugin.py:146] STREAM b'IHDR' 16 13
[DEBUG 2019-11-10 23:57:29 @PngImagePlugin.py:146] STREAM b'IDAT' 41 8192
[DEBUG 2019-11-10 23:58:19 @PngImagePlugin.py:146] STREAM b'IHDR' 16 13
[DEBUG 2019-11-10 23:58:19 @PngImagePlugin.py:146] STREAM b'sRGB' 41 1
[DEBUG 2019-11-10 23:58:19 @PngImagePlugin.py:146] STREAM b'eXIf' 54 68
[DEBUG 2019-11-10 23:58:19 @PngImagePlugin.py:146] STREAM b'iDOT' 134 28
[DEBUG 2019-11-10 23:58:19 @PngImagePlugin.py:592] b'iDOT' 134 28 (unknown)
[DEBUG 2019-11-10 23:58:19 @PngImagePlugin.py:146] STREAM b'IDAT' 174 4517
[DEBUG 2019-11-10 23:58:20 @PngImagePlugin.py:146] STREAM b'IHDR' 16 13
[DEBUG 2019-11-10 23:58:20 @PngImagePlugin.py:146] STREAM b'sRGB' 41 1
[DEBUG 2019-11-10 23:58:20 @PngImagePlugin.py:146] STREAM b'eXIf' 54 68
[DEBUG 2019-11-10 23:58:20 @PngImagePlugin.py:146] STREAM b'iDOT' 134 28
[DEBUG 2019-11-10 23:58:20 @PngImagePlugin.py:592] b'iDOT' 134 28 (unknown)
[DEBUG 2019-11-10 23:58:20 @PngImagePlugin.py:146] STREAM b'IDAT' 174 16384
[DEBUG 2019-11-10 23:58:36 @PngImagePlugin.py:146] STREAM b'IHDR' 16 13
[DEBUG 2019-11-10 23:58:36 @PngImagePlugin.py:146] STREAM b'IDAT' 41 8192
[DEBUG 2019-11-11 00:02:34 @PngImagePlugin.py:146] STREAM b'IHDR' 16 13
[DEBUG 2019-11-11 00:02:34 @PngImagePlugin.py:146] STREAM b'sRGB' 41 1
[DEBUG 2019-11-11 00:02:34 @PngImagePlugin.py:146] STREAM b'eXIf' 54 68
[DEBUG 2019-11-11 00:02:34 @PngImagePlugin.py:146] STREAM b'iDOT' 134 28
[DEBUG 2019-11-11 00:02:34 @PngImagePlugin.py:592] b'iDOT' 134 28 (unknown)
[DEBUG 2019-11-11 00:02:34 @PngImagePlugin.py:146] STREAM b'IDAT' 174 4571
[DEBUG 2019-11-11 00:02:35 @PngImagePlugin.py:146] STREAM b'IHDR' 16 13
[DEBUG 2019-11-11 00:02:35 @PngImagePlugin.py:146] STREAM b'sRGB' 41 1
[DEBUG 2019-11-11 00:02:35 @PngImagePlugin.py:146] STREAM b'eXIf' 54 68
[DEBUG 2019-11-11 00:02:35 @PngImagePlugin.py:146] STREAM b'iDOT' 134 28
[DEBUG 2019-11-11 00:02:35 @PngImagePlugin.py:592] b'iDOT' 134 28 (unknown)
[DEBUG 2019-11-11 00:02:35 @PngImagePlugin.py:146] STREAM b'IDAT' 174 16384
[DEBUG 2019-11-11 00:02:54 @PngImagePlugin.py:146] STREAM b'IHDR' 16 13
[DEBUG 2019-11-11 00:02:54 @PngImagePlugin.py:146] STREAM b'IDAT' 41 8192
[DEBUG 2019-11-11 00:03:42 @PngImagePlugin.py:146] STREAM b'IHDR' 16 13
[DEBUG 2019-11-11 00:03:42 @PngImagePlugin.py:146] STREAM b'sRGB' 41 1
[DEBUG 2019-11-11 00:03:42 @PngImagePlugin.py:146] STREAM b'eXIf' 54 68
[DEBUG 2019-11-11 00:03:42 @PngImagePlugin.py:146] STREAM b'iDOT' 134 28
[DEBUG 2019-11-11 00:03:42 @PngImagePlugin.py:592] b'iDOT' 134 28 (unknown)
[DEBUG 2019-11-11 00:03:42 @PngImagePlugin.py:146] STREAM b'IDAT' 174 4332
[DEBUG 2019-11-11 00:03:43 @PngImagePlugin.py:146] STREAM b'IHDR' 16 13
[DEBUG 2019-11-11 00:03:43 @PngImagePlugin.py:146] STREAM b'sRGB' 41 1
[DEBUG 2019-11-11 00:03:43 @PngImagePlugin.py:146] STREAM b'eXIf' 54 68
[DEBUG 2019-11-11 00:03:43 @PngImagePlugin.py:146] STREAM b'iDOT' 134 28
[DEBUG 2019-11-11 00:03:43 @PngImagePlugin.py:592] b'iDOT' 134 28 (unknown)
[DEBUG 2019-11-11 00:03:43 @PngImagePlugin.py:146] STREAM b'IDAT' 174 16384
[DEBUG 2019-11-11 00:04:01 @PngImagePlugin.py:146] STREAM b'IHDR' 16 13
[DEBUG 2019-11-11 00:04:01 @PngImagePlugin.py:146] STREAM b'IDAT' 41 8192
[DEBUG 2019-11-11 00:04:36 @PngImagePlugin.py:146] STREAM b'IHDR' 16 13
[DEBUG 2019-11-11 00:04:36 @PngImagePlugin.py:146] STREAM b'sRGB' 41 1
[DEBUG 2019-11-11 00:04:36 @PngImagePlugin.py:146] STREAM b'eXIf' 54 68
[DEBUG 2019-11-11 00:04:36 @PngImagePlugin.py:146] STREAM b'iDOT' 134 28
[DEBUG 2019-11-11 00:04:36 @PngImagePlugin.py:592] b'iDOT' 134 28 (unknown)
[DEBUG 2019-11-11 00:04:36 @PngImagePlugin.py:146] STREAM b'IDAT' 174 4530
[DEBUG 2019-11-11 00:04:38 @PngImagePlugin.py:146] STREAM b'IHDR' 16 13
[DEBUG 2019-11-11 00:04:38 @PngImagePlugin.py:146] STREAM b'sRGB' 41 1
[DEBUG 2019-11-11 00:04:38 @PngImagePlugin.py:146] STREAM b'eXIf' 54 68
[DEBUG 2019-11-11 00:04:38 @PngImagePlugin.py:146] STREAM b'iDOT' 134 28
[DEBUG 2019-11-11 00:04:38 @PngImagePlugin.py:592] b'iDOT' 134 28 (unknown)
[DEBUG 2019-11-11 00:04:38 @PngImagePlugin.py:146] STREAM b'IDAT' 174 16384
[DEBUG 2019-11-11 00:04:54 @PngImagePlugin.py:146] STREAM b'IHDR' 16 13
[DEBUG 2019-11-11 00:04:54 @PngImagePlugin.py:146] STREAM b'IDAT' 41 8192
[DEBUG 2019-11-11 00:06:02 @PngImagePlugin.py:146] STREAM b'IHDR' 16 13
[DEBUG 2019-11-11 00:06:02 @PngImagePlugin.py:146] STREAM b'sRGB' 41 1
[DEBUG 2019-11-11 00:06:02 @PngImagePlugin.py:146] STREAM b'eXIf' 54 68
[DEBUG 2019-11-11 00:06:02 @PngImagePlugin.py:146] STREAM b'iDOT' 134 28
[DEBUG 2019-11-11 00:06:02 @PngImagePlugin.py:592] b'iDOT' 134 28 (unknown)
[DEBUG 2019-11-11 00:06:02 @PngImagePlugin.py:146] STREAM b'IDAT' 174 4504
[DEBUG 2019-11-11 00:06:03 @PngImagePlugin.py:146] STREAM b'IHDR' 16 13
[DEBUG 2019-11-11 00:06:03 @PngImagePlugin.py:146] STREAM b'sRGB' 41 1
[DEBUG 2019-11-11 00:06:03 @PngImagePlugin.py:146] STREAM b'eXIf' 54 68
[DEBUG 2019-11-11 00:06:03 @PngImagePlugin.py:146] STREAM b'iDOT' 134 28
[DEBUG 2019-11-11 00:06:03 @PngImagePlugin.py:592] b'iDOT' 134 28 (unknown)
[DEBUG 2019-11-11 00:06:03 @PngImagePlugin.py:146] STREAM b'IDAT' 174 16384
[DEBUG 2019-11-11 00:06:19 @PngImagePlugin.py:146] STREAM b'IHDR' 16 13
[DEBUG 2019-11-11 00:06:19 @PngImagePlugin.py:146] STREAM b'IDAT' 41 8192
[DEBUG 2019-11-11 00:08:07 @PngImagePlugin.py:146] STREAM b'IHDR' 16 13
[DEBUG 2019-11-11 00:08:07 @PngImagePlugin.py:146] STREAM b'sRGB' 41 1
[DEBUG 2019-11-11 00:08:07 @PngImagePlugin.py:146] STREAM b'eXIf' 54 68
[DEBUG 2019-11-11 00:08:07 @PngImagePlugin.py:146] STREAM b'iDOT' 134 28
[DEBUG 2019-11-11 00:08:07 @PngImagePlugin.py:592] b'iDOT' 134 28 (unknown)
[DEBUG 2019-11-11 00:08:07 @PngImagePlugin.py:146] STREAM b'IDAT' 174 16384
[DEBUG 2019-11-11 00:08:26 @PngImagePlugin.py:146] STREAM b'IHDR' 16 13
[DEBUG 2019-11-11 00:08:26 @PngImagePlugin.py:146] STREAM b'sRGB' 41 1
[DEBUG 2019-11-11 00:08:26 @PngImagePlugin.py:146] STREAM b'eXIf' 54 68
[DEBUG 2019-11-11 00:08:26 @PngImagePlugin.py:146] STREAM b'iDOT' 134 28
[DEBUG 2019-11-11 00:08:26 @PngImagePlugin.py:592] b'iDOT' 134 28 (unknown)
[DEBUG 2019-11-11 00:08:26 @PngImagePlugin.py:146] STREAM b'IDAT' 174 5289
[DEBUG 2019-11-11 00:08:27 @PngImagePlugin.py:146] STREAM b'IHDR' 16 13
[DEBUG 2019-11-11 00:08:27 @PngImagePlugin.py:146] STREAM b'sRGB' 41 1
[DEBUG 2019-11-11 00:08:27 @PngImagePlugin.py:146] STREAM b'eXIf' 54 68
[DEBUG 2019-11-11 00:08:27 @PngImagePlugin.py:146] STREAM b'iDOT' 134 28
[DEBUG 2019-11-11 00:08:27 @PngImagePlugin.py:592] b'iDOT' 134 28 (unknown)
[DEBUG 2019-11-11 00:08:27 @PngImagePlugin.py:146] STREAM b'IDAT' 174 16384
[DEBUG 2019-11-11 00:08:44 @PngImagePlugin.py:146] STREAM b'IHDR' 16 13
[DEBUG 2019-11-11 00:08:44 @PngImagePlugin.py:146] STREAM b'IDAT' 41 8192
[DEBUG 2019-11-11 00:21:14 @PngImagePlugin.py:146] STREAM b'IHDR' 16 13
[DEBUG 2019-11-11 00:21:14 @PngImagePlugin.py:146] STREAM b'sRGB' 41 1
[DEBUG 2019-11-11 00:21:14 @PngImagePlugin.py:146] STREAM b'eXIf' 54 68
[DEBUG 2019-11-11 00:21:14 @PngImagePlugin.py:146] STREAM b'iDOT' 134 28
[DEBUG 2019-11-11 00:21:14 @PngImagePlugin.py:592] b'iDOT' 134 28 (unknown)
[DEBUG 2019-11-11 00:21:14 @PngImagePlugin.py:146] STREAM b'IDAT' 174 4857
[DEBUG 2019-11-11 00:21:15 @PngImagePlugin.py:146] STREAM b'IHDR' 16 13
[DEBUG 2019-11-11 00:21:15 @PngImagePlugin.py:146] STREAM b'sRGB' 41 1
[DEBUG 2019-11-11 00:21:15 @PngImagePlugin.py:146] STREAM b'eXIf' 54 68
[DEBUG 2019-11-11 00:21:15 @PngImagePlugin.py:146] STREAM b'iDOT' 134 28
[DEBUG 2019-11-11 00:21:15 @PngImagePlugin.py:592] b'iDOT' 134 28 (unknown)
[DEBUG 2019-11-11 00:21:15 @PngImagePlugin.py:146] STREAM b'IDAT' 174 16384
[DEBUG 2019-11-11 00:21:36 @PngImagePlugin.py:146] STREAM b'IHDR' 16 13
[DEBUG 2019-11-11 00:21:36 @PngImagePlugin.py:146] STREAM b'IDAT' 41 8192
[DEBUG 2019-11-11 00:38:30 @requests.py:117] Making request: POST https://oauth2.googleapis.com/token
[DEBUG 2019-11-11 01:13:54 @PngImagePlugin.py:146] STREAM b'IHDR' 16 13
[DEBUG 2019-11-11 01:13:54 @PngImagePlugin.py:146] STREAM b'sRGB' 41 1
[DEBUG 2019-11-11 01:13:54 @PngImagePlugin.py:146] STREAM b'eXIf' 54 68
[DEBUG 2019-11-11 01:13:54 @PngImagePlugin.py:146] STREAM b'iDOT' 134 28
[DEBUG 2019-11-11 01:13:54 @PngImagePlugin.py:592] b'iDOT' 134 28 (unknown)
[DEBUG 2019-11-11 01:13:54 @PngImagePlugin.py:146] STREAM b'IDAT' 174 4142
[DEBUG 2019-11-11 01:13:54 @PngImagePlugin.py:146] STREAM b'IHDR' 16 13
[DEBUG 2019-11-11 01:13:54 @PngImagePlugin.py:146] STREAM b'sRGB' 41 1
[DEBUG 2019-11-11 01:13:54 @PngImagePlugin.py:146] STREAM b'eXIf' 54 68
[DEBUG 2019-11-11 01:13:54 @PngImagePlugin.py:146] STREAM b'iDOT' 134 28
[DEBUG 2019-11-11 01:13:54 @PngImagePlugin.py:592] b'iDOT' 134 28 (unknown)
[DEBUG 2019-11-11 01:13:54 @PngImagePlugin.py:146] STREAM b'IDAT' 174 16384
[DEBUG 2019-11-11 01:14:12 @PngImagePlugin.py:146] STREAM b'IHDR' 16 13
[DEBUG 2019-11-11 01:14:12 @PngImagePlugin.py:146] STREAM b'IDAT' 41 8192
[DEBUG 2019-11-11 01:33:31 @requests.py:117] Making request: POST https://oauth2.googleapis.com/token
