[INFO  2019-11-10 21:51:50 @__init__.py:79] Set root logger. Unset logger with neuralgym.unset_logger().
[INFO  2019-11-10 21:51:50 @__init__.py:80] Saving logging to file: neuralgym_logs/20191110215150415564.
[INFO  2019-11-10 21:51:52 @gpus.py:39] Error reading GPU information, set no GPU.
[DEBUG 2019-11-10 21:51:54 @requests.py:117] Making request: POST https://oauth2.googleapis.com/token
[DEBUG 2019-11-10 21:51:56 @PngImagePlugin.py:146] STREAM b'IHDR' 16 13
[DEBUG 2019-11-10 21:51:56 @PngImagePlugin.py:146] STREAM b'sRGB' 41 1
[DEBUG 2019-11-10 21:51:56 @PngImagePlugin.py:146] STREAM b'eXIf' 54 68
[DEBUG 2019-11-10 21:51:56 @PngImagePlugin.py:146] STREAM b'iDOT' 134 28
[DEBUG 2019-11-10 21:51:56 @PngImagePlugin.py:592] b'iDOT' 134 28 (unknown)
[DEBUG 2019-11-10 21:51:56 @PngImagePlugin.py:146] STREAM b'IDAT' 174 4804
[DEBUG 2019-11-10 21:51:56 @PngImagePlugin.py:146] STREAM b'IHDR' 16 13
[DEBUG 2019-11-10 21:51:56 @PngImagePlugin.py:146] STREAM b'sRGB' 41 1
[DEBUG 2019-11-10 21:51:56 @PngImagePlugin.py:146] STREAM b'eXIf' 54 68
[DEBUG 2019-11-10 21:51:56 @PngImagePlugin.py:146] STREAM b'iDOT' 134 28
[DEBUG 2019-11-10 21:51:56 @PngImagePlugin.py:592] b'iDOT' 134 28 (unknown)
[DEBUG 2019-11-10 21:51:56 @PngImagePlugin.py:146] STREAM b'IDAT' 174 16384
[DEBUG 2019-11-10 21:52:20 @PngImagePlugin.py:146] STREAM b'IHDR' 16 13
[DEBUG 2019-11-10 21:52:20 @PngImagePlugin.py:146] STREAM b'IDAT' 41 8192
[DEBUG 2019-11-10 21:53:35 @PngImagePlugin.py:146] STREAM b'IHDR' 16 13
[DEBUG 2019-11-10 21:53:35 @PngImagePlugin.py:146] STREAM b'sRGB' 41 1
[DEBUG 2019-11-10 21:53:35 @PngImagePlugin.py:146] STREAM b'eXIf' 54 68
[DEBUG 2019-11-10 21:53:35 @PngImagePlugin.py:146] STREAM b'iDOT' 134 28
[DEBUG 2019-11-10 21:53:35 @PngImagePlugin.py:592] b'iDOT' 134 28 (unknown)
[DEBUG 2019-11-10 21:53:35 @PngImagePlugin.py:146] STREAM b'IDAT' 174 16384
[DEBUG 2019-11-10 21:54:06 @PngImagePlugin.py:146] STREAM b'IHDR' 16 13
[DEBUG 2019-11-10 21:54:06 @PngImagePlugin.py:146] STREAM b'sRGB' 41 1
[DEBUG 2019-11-10 21:54:06 @PngImagePlugin.py:146] STREAM b'eXIf' 54 68
[DEBUG 2019-11-10 21:54:06 @PngImagePlugin.py:146] STREAM b'iDOT' 134 28
[DEBUG 2019-11-10 21:54:06 @PngImagePlugin.py:592] b'iDOT' 134 28 (unknown)
[DEBUG 2019-11-10 21:54:06 @PngImagePlugin.py:146] STREAM b'IDAT' 174 4142
[DEBUG 2019-11-10 21:54:07 @PngImagePlugin.py:146] STREAM b'IHDR' 16 13
[DEBUG 2019-11-10 21:54:07 @PngImagePlugin.py:146] STREAM b'sRGB' 41 1
[DEBUG 2019-11-10 21:54:07 @PngImagePlugin.py:146] STREAM b'eXIf' 54 68
[DEBUG 2019-11-10 21:54:07 @PngImagePlugin.py:146] STREAM b'iDOT' 134 28
[DEBUG 2019-11-10 21:54:07 @PngImagePlugin.py:592] b'iDOT' 134 28 (unknown)
[DEBUG 2019-11-10 21:54:07 @PngImagePlugin.py:146] STREAM b'IDAT' 174 16384
[DEBUG 2019-11-10 21:54:26 @PngImagePlugin.py:146] STREAM b'IHDR' 16 13
[DEBUG 2019-11-10 21:54:26 @PngImagePlugin.py:146] STREAM b'IDAT' 41 8192
[DEBUG 2019-11-10 21:55:09 @PngImagePlugin.py:146] STREAM b'IHDR' 16 13
[DEBUG 2019-11-10 21:55:09 @PngImagePlugin.py:146] STREAM b'sRGB' 41 1
[DEBUG 2019-11-10 21:55:09 @PngImagePlugin.py:146] STREAM b'eXIf' 54 68
[DEBUG 2019-11-10 21:55:09 @PngImagePlugin.py:146] STREAM b'iDOT' 134 28
[DEBUG 2019-11-10 21:55:09 @PngImagePlugin.py:592] b'iDOT' 134 28 (unknown)
[DEBUG 2019-11-10 21:55:09 @PngImagePlugin.py:146] STREAM b'IDAT' 174 16384
[DEBUG 2019-11-10 21:56:54 @PngImagePlugin.py:146] STREAM b'IHDR' 16 13
[DEBUG 2019-11-10 21:56:54 @PngImagePlugin.py:146] STREAM b'sRGB' 41 1
[DEBUG 2019-11-10 21:56:54 @PngImagePlugin.py:146] STREAM b'eXIf' 54 68
[DEBUG 2019-11-10 21:56:54 @PngImagePlugin.py:146] STREAM b'iDOT' 134 28
[DEBUG 2019-11-10 21:56:54 @PngImagePlugin.py:592] b'iDOT' 134 28 (unknown)
[DEBUG 2019-11-10 21:56:54 @PngImagePlugin.py:146] STREAM b'IDAT' 174 16384
[DEBUG 2019-11-10 21:57:37 @PngImagePlugin.py:146] STREAM b'IHDR' 16 13
[DEBUG 2019-11-10 21:57:37 @PngImagePlugin.py:146] STREAM b'sRGB' 41 1
[DEBUG 2019-11-10 21:57:37 @PngImagePlugin.py:146] STREAM b'eXIf' 54 68
[DEBUG 2019-11-10 21:57:37 @PngImagePlugin.py:146] STREAM b'iDOT' 134 28
[DEBUG 2019-11-10 21:57:37 @PngImagePlugin.py:592] b'iDOT' 134 28 (unknown)
[DEBUG 2019-11-10 21:57:37 @PngImagePlugin.py:146] STREAM b'IDAT' 174 16384
[DEBUG 2019-11-10 21:59:23 @PngImagePlugin.py:146] STREAM b'IHDR' 16 13
[DEBUG 2019-11-10 21:59:23 @PngImagePlugin.py:146] STREAM b'sRGB' 41 1
[DEBUG 2019-11-10 21:59:23 @PngImagePlugin.py:146] STREAM b'eXIf' 54 68
[DEBUG 2019-11-10 21:59:23 @PngImagePlugin.py:146] STREAM b'iDOT' 134 28
[DEBUG 2019-11-10 21:59:23 @PngImagePlugin.py:592] b'iDOT' 134 28 (unknown)
[DEBUG 2019-11-10 21:59:23 @PngImagePlugin.py:146] STREAM b'IDAT' 174 16384
[DEBUG 2019-11-10 22:02:26 @PngImagePlugin.py:146] STREAM b'IHDR' 16 13
[DEBUG 2019-11-10 22:02:26 @PngImagePlugin.py:146] STREAM b'sRGB' 41 1
[DEBUG 2019-11-10 22:02:26 @PngImagePlugin.py:146] STREAM b'eXIf' 54 68
[DEBUG 2019-11-10 22:02:26 @PngImagePlugin.py:146] STREAM b'iDOT' 134 28
[DEBUG 2019-11-10 22:02:26 @PngImagePlugin.py:592] b'iDOT' 134 28 (unknown)
[DEBUG 2019-11-10 22:02:26 @PngImagePlugin.py:146] STREAM b'IDAT' 174 16384
[DEBUG 2019-11-10 22:05:34 @PngImagePlugin.py:146] STREAM b'IHDR' 16 13
[DEBUG 2019-11-10 22:05:34 @PngImagePlugin.py:146] STREAM b'sRGB' 41 1
[DEBUG 2019-11-10 22:05:34 @PngImagePlugin.py:146] STREAM b'eXIf' 54 68
[DEBUG 2019-11-10 22:05:34 @PngImagePlugin.py:146] STREAM b'iDOT' 134 28
[DEBUG 2019-11-10 22:05:34 @PngImagePlugin.py:592] b'iDOT' 134 28 (unknown)
[DEBUG 2019-11-10 22:05:34 @PngImagePlugin.py:146] STREAM b'IDAT' 174 16384
[DEBUG 2019-11-10 22:08:04 @PngImagePlugin.py:146] STREAM b'IHDR' 16 13
[DEBUG 2019-11-10 22:08:04 @PngImagePlugin.py:146] STREAM b'sRGB' 41 1
[DEBUG 2019-11-10 22:08:04 @PngImagePlugin.py:146] STREAM b'eXIf' 54 68
[DEBUG 2019-11-10 22:08:04 @PngImagePlugin.py:146] STREAM b'iDOT' 134 28
[DEBUG 2019-11-10 22:08:04 @PngImagePlugin.py:592] b'iDOT' 134 28 (unknown)
[DEBUG 2019-11-10 22:08:04 @PngImagePlugin.py:146] STREAM b'IDAT' 174 16384
[DEBUG 2019-11-10 22:08:35 @PngImagePlugin.py:146] STREAM b'IHDR' 16 13
[DEBUG 2019-11-10 22:08:35 @PngImagePlugin.py:146] STREAM b'sRGB' 41 1
[DEBUG 2019-11-10 22:08:35 @PngImagePlugin.py:146] STREAM b'eXIf' 54 68
[DEBUG 2019-11-10 22:08:35 @PngImagePlugin.py:146] STREAM b'iDOT' 134 28
[DEBUG 2019-11-10 22:08:35 @PngImagePlugin.py:592] b'iDOT' 134 28 (unknown)
[DEBUG 2019-11-10 22:08:35 @PngImagePlugin.py:146] STREAM b'IDAT' 174 16384
[DEBUG 2019-11-10 22:09:02 @PngImagePlugin.py:146] STREAM b'IHDR' 16 13
[DEBUG 2019-11-10 22:09:02 @PngImagePlugin.py:146] STREAM b'sRGB' 41 1
[DEBUG 2019-11-10 22:09:02 @PngImagePlugin.py:146] STREAM b'eXIf' 54 68
[DEBUG 2019-11-10 22:09:02 @PngImagePlugin.py:146] STREAM b'iDOT' 134 28
[DEBUG 2019-11-10 22:09:02 @PngImagePlugin.py:592] b'iDOT' 134 28 (unknown)
[DEBUG 2019-11-10 22:09:02 @PngImagePlugin.py:146] STREAM b'IDAT' 174 16384
[DEBUG 2019-11-10 22:09:35 @PngImagePlugin.py:146] STREAM b'IHDR' 16 13
[DEBUG 2019-11-10 22:09:35 @PngImagePlugin.py:146] STREAM b'sRGB' 41 1
[DEBUG 2019-11-10 22:09:35 @PngImagePlugin.py:146] STREAM b'eXIf' 54 68
[DEBUG 2019-11-10 22:09:35 @PngImagePlugin.py:146] STREAM b'iDOT' 134 28
[DEBUG 2019-11-10 22:09:35 @PngImagePlugin.py:592] b'iDOT' 134 28 (unknown)
[DEBUG 2019-11-10 22:09:35 @PngImagePlugin.py:146] STREAM b'IDAT' 174 16384
[DEBUG 2019-11-10 22:10:59 @PngImagePlugin.py:146] STREAM b'IHDR' 16 13
[DEBUG 2019-11-10 22:10:59 @PngImagePlugin.py:146] STREAM b'sRGB' 41 1
[DEBUG 2019-11-10 22:10:59 @PngImagePlugin.py:146] STREAM b'eXIf' 54 68
[DEBUG 2019-11-10 22:10:59 @PngImagePlugin.py:146] STREAM b'iDOT' 134 28
[DEBUG 2019-11-10 22:10:59 @PngImagePlugin.py:592] b'iDOT' 134 28 (unknown)
[DEBUG 2019-11-10 22:10:59 @PngImagePlugin.py:146] STREAM b'IDAT' 174 16384
[DEBUG 2019-11-10 22:11:37 @PngImagePlugin.py:146] STREAM b'IHDR' 16 13
[DEBUG 2019-11-10 22:11:37 @PngImagePlugin.py:146] STREAM b'sRGB' 41 1
[DEBUG 2019-11-10 22:11:37 @PngImagePlugin.py:146] STREAM b'eXIf' 54 68
[DEBUG 2019-11-10 22:11:37 @PngImagePlugin.py:146] STREAM b'iDOT' 134 28
[DEBUG 2019-11-10 22:11:37 @PngImagePlugin.py:592] b'iDOT' 134 28 (unknown)
[DEBUG 2019-11-10 22:11:37 @PngImagePlugin.py:146] STREAM b'IDAT' 174 4142
[DEBUG 2019-11-10 22:11:38 @PngImagePlugin.py:146] STREAM b'IHDR' 16 13
[DEBUG 2019-11-10 22:11:38 @PngImagePlugin.py:146] STREAM b'sRGB' 41 1
[DEBUG 2019-11-10 22:11:38 @PngImagePlugin.py:146] STREAM b'eXIf' 54 68
[DEBUG 2019-11-10 22:11:38 @PngImagePlugin.py:146] STREAM b'iDOT' 134 28
[DEBUG 2019-11-10 22:11:38 @PngImagePlugin.py:592] b'iDOT' 134 28 (unknown)
[DEBUG 2019-11-10 22:11:38 @PngImagePlugin.py:146] STREAM b'IDAT' 174 16384
[DEBUG 2019-11-10 22:12:05 @PngImagePlugin.py:146] STREAM b'IHDR' 16 13
[DEBUG 2019-11-10 22:12:05 @PngImagePlugin.py:146] STREAM b'IDAT' 41 8192
[DEBUG 2019-11-10 22:13:34 @PngImagePlugin.py:146] STREAM b'IHDR' 16 13
[DEBUG 2019-11-10 22:13:34 @PngImagePlugin.py:146] STREAM b'sRGB' 41 1
[DEBUG 2019-11-10 22:13:34 @PngImagePlugin.py:146] STREAM b'eXIf' 54 68
[DEBUG 2019-11-10 22:13:34 @PngImagePlugin.py:146] STREAM b'iDOT' 134 28
[DEBUG 2019-11-10 22:13:34 @PngImagePlugin.py:592] b'iDOT' 134 28 (unknown)
[DEBUG 2019-11-10 22:13:34 @PngImagePlugin.py:146] STREAM b'IDAT' 174 5220
[DEBUG 2019-11-10 22:13:34 @PngImagePlugin.py:146] STREAM b'IHDR' 16 13
[DEBUG 2019-11-10 22:13:34 @PngImagePlugin.py:146] STREAM b'sRGB' 41 1
[DEBUG 2019-11-10 22:13:34 @PngImagePlugin.py:146] STREAM b'eXIf' 54 68
[DEBUG 2019-11-10 22:13:34 @PngImagePlugin.py:146] STREAM b'iDOT' 134 28
[DEBUG 2019-11-10 22:13:34 @PngImagePlugin.py:592] b'iDOT' 134 28 (unknown)
[DEBUG 2019-11-10 22:13:34 @PngImagePlugin.py:146] STREAM b'IDAT' 174 16384
[DEBUG 2019-11-10 22:13:52 @PngImagePlugin.py:146] STREAM b'IHDR' 16 13
[DEBUG 2019-11-10 22:13:52 @PngImagePlugin.py:146] STREAM b'IDAT' 41 8192
[DEBUG 2019-11-10 22:29:01 @PngImagePlugin.py:146] STREAM b'IHDR' 16 13
[DEBUG 2019-11-10 22:29:01 @PngImagePlugin.py:146] STREAM b'sRGB' 41 1
[DEBUG 2019-11-10 22:29:01 @PngImagePlugin.py:146] STREAM b'eXIf' 54 68
[DEBUG 2019-11-10 22:29:01 @PngImagePlugin.py:146] STREAM b'iDOT' 134 28
[DEBUG 2019-11-10 22:29:01 @PngImagePlugin.py:592] b'iDOT' 134 28 (unknown)
[DEBUG 2019-11-10 22:29:01 @PngImagePlugin.py:146] STREAM b'IDAT' 174 16384
[DEBUG 2019-11-10 22:29:53 @PngImagePlugin.py:146] STREAM b'IHDR' 16 13
[DEBUG 2019-11-10 22:29:53 @PngImagePlugin.py:146] STREAM b'sRGB' 41 1
[DEBUG 2019-11-10 22:29:54 @PngImagePlugin.py:146] STREAM b'eXIf' 54 68
[DEBUG 2019-11-10 22:29:54 @PngImagePlugin.py:146] STREAM b'iDOT' 134 28
[DEBUG 2019-11-10 22:29:54 @PngImagePlugin.py:592] b'iDOT' 134 28 (unknown)
[DEBUG 2019-11-10 22:29:54 @PngImagePlugin.py:146] STREAM b'IDAT' 174 4344
[DEBUG 2019-11-10 22:29:54 @PngImagePlugin.py:146] STREAM b'IHDR' 16 13
[DEBUG 2019-11-10 22:29:54 @PngImagePlugin.py:146] STREAM b'sRGB' 41 1
[DEBUG 2019-11-10 22:29:54 @PngImagePlugin.py:146] STREAM b'eXIf' 54 68
[DEBUG 2019-11-10 22:29:54 @PngImagePlugin.py:146] STREAM b'iDOT' 134 28
[DEBUG 2019-11-10 22:29:54 @PngImagePlugin.py:592] b'iDOT' 134 28 (unknown)
[DEBUG 2019-11-10 22:29:54 @PngImagePlugin.py:146] STREAM b'IDAT' 174 16384
[DEBUG 2019-11-10 22:30:14 @PngImagePlugin.py:146] STREAM b'IHDR' 16 13
[DEBUG 2019-11-10 22:30:14 @PngImagePlugin.py:146] STREAM b'IDAT' 41 8192
[DEBUG 2019-11-10 22:31:35 @PngImagePlugin.py:146] STREAM b'IHDR' 16 13
[DEBUG 2019-11-10 22:31:35 @PngImagePlugin.py:146] STREAM b'iCCP' 41 353
[DEBUG 2019-11-10 22:31:35 @PngImagePlugin.py:328] iCCP profile name b'kCGColorSpaceDisplayP3'
[DEBUG 2019-11-10 22:31:35 @PngImagePlugin.py:329] Compression method 0
[DEBUG 2019-11-10 22:31:35 @PngImagePlugin.py:146] STREAM b'iDOT' 406 28
[DEBUG 2019-11-10 22:31:35 @PngImagePlugin.py:592] b'iDOT' 406 28 (unknown)
[DEBUG 2019-11-10 22:31:35 @PngImagePlugin.py:146] STREAM b'IDAT' 446 16384
[DEBUG 2019-11-10 22:31:36 @PngImagePlugin.py:146] STREAM b'IHDR' 16 13
[DEBUG 2019-11-10 22:31:36 @PngImagePlugin.py:146] STREAM b'IDAT' 41 8192
[DEBUG 2019-11-10 22:31:37 @PngImagePlugin.py:146] STREAM b'IHDR' 16 13
[DEBUG 2019-11-10 22:31:37 @PngImagePlugin.py:146] STREAM b'IDAT' 41 8192
[DEBUG 2019-11-10 22:31:41 @PngImagePlugin.py:146] STREAM b'IHDR' 16 13
[DEBUG 2019-11-10 22:31:41 @PngImagePlugin.py:146] STREAM b'IDAT' 41 65536
[DEBUG 2019-11-10 22:32:47 @PngImagePlugin.py:146] STREAM b'IHDR' 16 13
[DEBUG 2019-11-10 22:32:47 @PngImagePlugin.py:146] STREAM b'sRGB' 41 1
[DEBUG 2019-11-10 22:32:47 @PngImagePlugin.py:146] STREAM b'eXIf' 54 68
[DEBUG 2019-11-10 22:32:47 @PngImagePlugin.py:146] STREAM b'iDOT' 134 28
[DEBUG 2019-11-10 22:32:47 @PngImagePlugin.py:592] b'iDOT' 134 28 (unknown)
[DEBUG 2019-11-10 22:32:47 @PngImagePlugin.py:146] STREAM b'IDAT' 174 16384
[DEBUG 2019-11-10 22:32:47 @PngImagePlugin.py:146] STREAM b'IHDR' 16 13
[DEBUG 2019-11-10 22:32:47 @PngImagePlugin.py:146] STREAM b'IDAT' 41 8192
[DEBUG 2019-11-10 22:32:48 @PngImagePlugin.py:146] STREAM b'IHDR' 16 13
[DEBUG 2019-11-10 22:32:48 @PngImagePlugin.py:146] STREAM b'IDAT' 41 8192
[DEBUG 2019-11-10 22:32:57 @PngImagePlugin.py:146] STREAM b'IHDR' 16 13
[DEBUG 2019-11-10 22:32:57 @PngImagePlugin.py:146] STREAM b'IDAT' 41 65536
[DEBUG 2019-11-10 22:46:55 @requests.py:117] Making request: POST https://oauth2.googleapis.com/token
